<?xml version="1.0" encoding="UTF-8"?>
<!-- Generated by org.testng.reporters.JUnitReportReporter -->
<testsuite skipped="0" hostname="DESKTOP-RTFSPNK" name="com.fieldez.testcases.TC_AddCustomerTest_0002" tests="5" failures="0" timestamp="21 Mar 2019 13:08:12 GMT" time="68.663" errors="0">
  <testcase name="LoginTest" time="19.203" classname="com.fieldez.testcases.TC_AddCustomerTest_0002"/>
  <testcase name="AddcustomerTest" time="15.545" classname="com.fieldez.testcases.TC_AddCustomerTest_0002"/>
  <testcase name="AddcustomerTest" time="11.078" classname="com.fieldez.testcases.TC_AddCustomerTest_0002"/>
  <testcase name="AddcustomerTest" time="11.726" classname="com.fieldez.testcases.TC_AddCustomerTest_0002"/>
  <testcase name="AddcustomerTest" time="11.111" classname="com.fieldez.testcases.TC_AddCustomerTest_0002"/>
</testsuite> <!-- com.fieldez.testcases.TC_AddCustomerTest_0002 -->
