<?xml version="1.0" encoding="UTF-8"?>
<!-- Generated by org.testng.reporters.JUnitReportReporter -->
<testsuite skipped="7" hostname="DESKTOP-RTFSPNK" name="com.fieldez.testcases.TC_Create_Expense" tests="9" failures="0" timestamp="29 May 2019 12:51:31 GMT" time="28.045" errors="0">
  <testcase name="LoginTest" time="8.832" classname="com.fieldez.testcases.TC_Create_Expense"/>
  <testcase name="CreateExpenseTest" time="19.213" classname="com.fieldez.testcases.TC_Create_Expense"/>
  <testcase name="TC_16_CreateExpenseTestViewInfo" classname="com.fieldez.testcases.TC_Create_Expense">
    <skipped/>
  </testcase> <!-- TC_16_CreateExpenseTestViewInfo -->
  <testcase name="CreateExpenseTestTarvel" classname="com.fieldez.testcases.TC_Create_Expense">
    <skipped/>
  </testcase> <!-- CreateExpenseTestTarvel -->
  <testcase name="TC_18_CreateExpenseDeleteLineItem" classname="com.fieldez.testcases.TC_Create_Expense">
    <skipped/>
  </testcase> <!-- TC_18_CreateExpenseDeleteLineItem -->
  <testcase name="TC_15_CreateExpenseTestCancelLineItem" classname="com.fieldez.testcases.TC_Create_Expense">
    <skipped/>
  </testcase> <!-- TC_15_CreateExpenseTestCancelLineItem -->
  <testcase name="TC_14_CreateExpenseTestCancelExpense" classname="com.fieldez.testcases.TC_Create_Expense">
    <skipped/>
  </testcase> <!-- TC_14_CreateExpenseTestCancelExpense -->
  <testcase name="TC_13_CreateExpenseTestCancelLineItem" classname="com.fieldez.testcases.TC_Create_Expense">
    <skipped/>
  </testcase> <!-- TC_13_CreateExpenseTestCancelLineItem -->
  <testcase name="TC_17_CreateExpenseTestViewInfoClose" classname="com.fieldez.testcases.TC_Create_Expense">
    <skipped/>
  </testcase> <!-- TC_17_CreateExpenseTestViewInfoClose -->
</testsuite> <!-- com.fieldez.testcases.TC_Create_Expense -->
