<?xml version="1.0" encoding="UTF-8"?>
<!-- Generated by org.testng.reporters.JUnitReportReporter -->
<testsuite skipped="1" hostname="DESKTOP-RTFSPNK" name="com.fieldez.testcases.TC_LinkTests_01" tests="26" failures="0" timestamp="21 Mar 2019 05:26:12 GMT" time="204.969" errors="0">
  <testcase name="LoginTest" time="8.475" classname="com.fieldez.testcases.TC_LinkTests_01"/>
  <testcase name="CallsLinksTest" time="1.927" classname="com.fieldez.testcases.TC_LinkTests_01"/>
  <testcase name="CustomerLinksTest" time="3.111" classname="com.fieldez.testcases.TC_LinkTests_01"/>
  <testcase name="ProductLinksTest" time="2.260" classname="com.fieldez.testcases.TC_LinkTests_01"/>
  <testcase name="AssetLinksTest" time="3.943" classname="com.fieldez.testcases.TC_LinkTests_01"/>
  <testcase name="InvoiceLinksTest" time="2.190" classname="com.fieldez.testcases.TC_LinkTests_01"/>
  <testcase name="InvoiceDashboardTest" time="2.818" classname="com.fieldez.testcases.TC_LinkTests_01"/>
  <testcase name="QuotesLinkTest" time="1.993" classname="com.fieldez.testcases.TC_LinkTests_01"/>
  <testcase name="AttendanceLinkTest" time="3.507" classname="com.fieldez.testcases.TC_LinkTests_01"/>
  <testcase name="LeaveLinkTest" time="3.985" classname="com.fieldez.testcases.TC_LinkTests_01"/>
  <testcase name="EffortLinkTest" time="1.942" classname="com.fieldez.testcases.TC_LinkTests_01"/>
  <testcase name="MessageBoardLink" time="7.229" classname="com.fieldez.testcases.TC_LinkTests_01"/>
  <testcase name="CustReportsLinkTest" time="4.266" classname="com.fieldez.testcases.TC_LinkTests_01"/>
  <testcase name="LineitemReportsLinkTest" time="18.071" classname="com.fieldez.testcases.TC_LinkTests_01"/>
  <testcase name="AttednaceReportsLinkTest" time="17.745" classname="com.fieldez.testcases.TC_LinkTests_01"/>
  <testcase name="ReportsbetaLinkTest" time="16.461" classname="com.fieldez.testcases.TC_LinkTests_01"/>
  <testcase name="DayviewschedulerLinkTest" time="3.299" classname="com.fieldez.testcases.TC_LinkTests_01"/>
  <testcase name="daymapschedulerLinkTest" time="8.145" classname="com.fieldez.testcases.TC_LinkTests_01"/>
  <testcase name="weekviewschedulerLinkTest" time="11.196" classname="com.fieldez.testcases.TC_LinkTests_01"/>
  <testcase name="BeatplanLinkTest" time="12.628" classname="com.fieldez.testcases.TC_LinkTests_01"/>
  <testcase name="ExpenseLinkTest" time="12.573" classname="com.fieldez.testcases.TC_LinkTests_01"/>
  <testcase name="ManageUserLinkTest" time="18.225" classname="com.fieldez.testcases.TC_LinkTests_01"/>
  <testcase name="ManageRolesLinkTest" time="13.580" classname="com.fieldez.testcases.TC_LinkTests_01"/>
  <testcase name="ManagePermissionLinkTest" time="13.577" classname="com.fieldez.testcases.TC_LinkTests_01"/>
  <testcase name="AdvanceSettingsLinkTest" time="11.823" classname="com.fieldez.testcases.TC_LinkTests_01"/>
  <testcase name="HelpLinkTest" classname="com.fieldez.testcases.TC_LinkTests_01">
    <skipped/>
  </testcase> <!-- HelpLinkTest -->
</testsuite> <!-- com.fieldez.testcases.TC_LinkTests_01 -->
