<?xml version="1.0" encoding="UTF-8"?>
<!-- Generated by org.testng.reporters.JUnitReportReporter -->
<testsuite skipped="0" hostname="DESKTOP-RTFSPNK" name="com.fieldez.testcases.TC_CreateCallTest_003" tests="3" failures="0" timestamp="28 May 2019 06:25:01 GMT" time="113.452" errors="0">
  <testcase name="LoginTest" time="21.449" classname="com.fieldez.testcases.TC_CreateCallTest_003"/>
  <testcase name="CreateCallTest" time="50.724" classname="com.fieldez.testcases.TC_CreateCallTest_003"/>
  <testcase name="UploadCallLevelAttachments" time="41.279" classname="com.fieldez.testcases.TC_CreateCallTest_003"/>
</testsuite> <!-- com.fieldez.testcases.TC_CreateCallTest_003 -->
