<?xml version="1.0" encoding="UTF-8"?>
<!-- Generated by org.testng.reporters.JUnitReportReporter -->
<testsuite skipped="0" hostname="DESKTOP-RTFSPNK" name="com.fieldez.testcases.TC_LoginTest_001" tests="1" failures="0" timestamp="26 Jan 2019 19:25:35 GMT" time="11.192" errors="0">
  <testcase name="LoginTest" time="11.192" classname="com.fieldez.testcases.TC_LoginTest_001"/>
</testsuite> <!-- com.fieldez.testcases.TC_LoginTest_001 -->
